<?xml version="1.0" encoding="UTF-8"?>
<!-- Generated by org.testng.reporters.JUnitXMLReporter -->
<testsuite hostname="admin-PC" name="Test-Runner-Firefox" tests="1" failures="0" timestamp="7 Nov 2019 08:03:05 GMT" time="28.25" errors="0">
  <testcase name="SearchOpportunityNameByCharTc_55Test" time="9.006" classname="com.vtiger.opportunity.SearchOpportunityNameByCharTc_55"/>
</testsuite> <!-- Test-Runner-Firefox -->
