<?xml version="1.0" encoding="UTF-8"?>
<!-- Generated by org.testng.reporters.JUnitReportReporter -->
<testsuite skipped="0" hostname="Kaivalya" name="com.crm.OrganisationTest.VerifyingDuplicateWithMemberOf" tests="5" failures="0" timestamp="04 Nov 2019 08:08:14 GMT" time="90.374" errors="0">
  <testcase name="SICCodeTest" time="15.415" classname="com.crm.OrganisationTest.VerifyingDuplicateWithMemberOf"/>
  <testcase name="OwnerShipTest" time="17.148" classname="com.crm.OrganisationTest.VerifyingDuplicateWithMemberOf"/>
  <testcase name="MemberOfTest" time="25.988" classname="com.crm.OrganisationTest.VerifyingDuplicateWithMemberOf"/>
  <testcase name="TickerTest" time="16.391" classname="com.crm.OrganisationTest.VerifyingDuplicateWithMemberOf"/>
  <testcase name="ShippingAddressTest" time="15.432" classname="com.crm.OrganisationTest.VerifyingDuplicateWithMemberOf"/>
</testsuite> <!-- com.crm.OrganisationTest.VerifyingDuplicateWithMemberOf -->
