<?xml version="1.0" encoding="UTF-8"?>
<!-- Generated by org.testng.reporters.JUnitReportReporter -->
<testsuite hostname="admin-PC" name="DataProviderTestNG.Ex02.GetDataFromExcelUsingDataProvider" tests="3" failures="0" timestamp="29 Nov 2019 06:53:36 GMT" time="0.031" errors="0">
  <testcase name="displayData" time="0.000" classname="DataProviderTestNG.Ex02.GetDataFromExcelUsingDataProvider"/>
  <testcase name="displayData" time="0.011" classname="DataProviderTestNG.Ex02.GetDataFromExcelUsingDataProvider"/>
  <testcase name="displayData" time="0.020" classname="DataProviderTestNG.Ex02.GetDataFromExcelUsingDataProvider"/>
</testsuite> <!-- DataProviderTestNG.Ex02.GetDataFromExcelUsingDataProvider -->
