<?xml version="1.0" encoding="UTF-8"?>
<!-- Generated by org.testng.reporters.JUnitReportReporter -->
<testsuite hostname="admin-PC" name="com.vtiger.opportunity.Tc_04" tests="1" failures="0" timestamp="31 Oct 2019 06:09:11 GMT" time="45.688" errors="0">
  <testcase name="Tc_04Test" time="45.688" classname="com.vtiger.opportunity.Tc_04"/>
</testsuite> <!-- com.vtiger.opportunity.Tc_04 -->
