<?xml version="1.0" encoding="UTF-8"?>
<!-- Generated by org.testng.reporters.JUnitReportReporter -->
<testsuite hostname="admin-PC" name="testng.ReportTest" tests="1" failures="0" timestamp="6 Nov 2019 06:52:36 GMT" time="0.000" errors="0">
  <testcase name="deleteReportTest" time="0.000" classname="testng.ReportTest"/>
</testsuite> <!-- testng.ReportTest -->
