<?xml version="1.0" encoding="UTF-8"?>
<!-- Generated by org.testng.reporters.JUnitReportReporter -->
<testsuite hostname="admin-PC" name="ExcelsheetHandling.PrintAllRowsExcelTest01" tests="1" failures="0" timestamp="10 Nov 2019 06:23:00 GMT" time="1.206" errors="0">
  <testcase name="PrintAllRowsExcelTest01_Tc" time="1.206" classname="ExcelsheetHandling.PrintAllRowsExcelTest01"/>
</testsuite> <!-- ExcelsheetHandling.PrintAllRowsExcelTest01 -->
