<?xml version="1.0" encoding="UTF-8"?>
<!-- Generated by org.testng.reporters.JUnitReportReporter -->
<testsuite hostname="admin-PC" name="com.vtiger.opportunity.Tc_48" tests="1" failures="0" timestamp="1 Nov 2019 10:21:39 GMT" time="32.997" errors="0">
  <testcase name="Tc_48Test" time="32.997" classname="com.vtiger.opportunity.Tc_48"/>
</testsuite> <!-- com.vtiger.opportunity.Tc_48 -->
