<?xml version="1.0" encoding="UTF-8"?>
<!-- Generated by org.testng.reporters.JUnitReportReporter -->
<testsuite hostname="admin-PC" name="com.vtiger.opportunity.Tc_51" tests="1" failures="0" timestamp="1 Nov 2019 07:33:48 GMT" time="18.068" errors="0">
  <testcase name="Tc_51Test" time="18.068" classname="com.vtiger.opportunity.Tc_51"/>
</testsuite> <!-- com.vtiger.opportunity.Tc_51 -->
