<?xml version="1.0" encoding="UTF-8"?>
<!-- Generated by org.testng.reporters.JUnitReportReporter -->
<testsuite hostname="admin-PC" name="Opportunity.Tc_52" tests="1" failures="0" timestamp="25 Oct 2019 05:44:07 GMT" time="30.332" errors="0">
  <testcase name="Tc_52Test" time="30.332" classname="Opportunity.Tc_52"/>
</testsuite> <!-- Opportunity.Tc_52 -->
