<?xml version="1.0" encoding="UTF-8"?>
<!-- Generated by org.testng.reporters.JUnitReportReporter -->
<testsuite hostname="admin-PC" name="com.vtiger.opportunity.Tc_03" tests="1" failures="0" timestamp="31 Oct 2019 06:19:52 GMT" time="46.599" errors="0">
  <testcase name="Tc_03Test" time="46.599" classname="com.vtiger.opportunity.Tc_03"/>
</testsuite> <!-- com.vtiger.opportunity.Tc_03 -->
