<?xml version="1.0" encoding="UTF-8"?>
<!-- Generated by org.testng.reporters.JUnitReportReporter -->
<testsuite hostname="admin-PC" name="com.vtiger.opportunity.Tc_30" tests="1" failures="0" timestamp="25 Oct 2019 09:38:59 GMT" time="29.371" errors="0">
  <testcase name="Tc_30Test" time="29.371" classname="com.vtiger.opportunity.Tc_30"/>
</testsuite> <!-- com.vtiger.opportunity.Tc_30 -->
