<?xml version="1.0" encoding="UTF-8"?>
<!-- Generated by org.testng.reporters.JUnitReportReporter -->
<testsuite hostname="admin-PC" name="Opportunity.Tc_53" tests="1" failures="0" timestamp="25 Oct 2019 05:42:08 GMT" time="29.352" errors="0">
  <testcase name="Tc_53Test" time="29.352" classname="Opportunity.Tc_53"/>
</testsuite> <!-- Opportunity.Tc_53 -->
