<?xml version="1.0" encoding="UTF-8"?>
<!-- Generated by org.testng.reporters.JUnitReportReporter -->
<testsuite hostname="admin-PC" name="com.vtiger.opportunity.Tc_53" tests="1" failures="0" timestamp="1 Nov 2019 08:07:34 GMT" time="17.005" errors="0">
  <testcase name="Tc_53Test" time="17.005" classname="com.vtiger.opportunity.Tc_53"/>
</testsuite> <!-- com.vtiger.opportunity.Tc_53 -->
