<?xml version="1.0" encoding="UTF-8"?>
<!-- Generated by org.testng.reporters.JUnitReportReporter -->
<testsuite hostname="admin-PC" name="Opportunity.Tc_51" tests="1" failures="0" timestamp="24 Oct 2019 17:39:36 GMT" time="45.594" errors="0">
  <testcase name="Tc_51Test" time="45.594" classname="Opportunity.Tc_51"/>
</testsuite> <!-- Opportunity.Tc_51 -->
