<?xml version="1.0" encoding="UTF-8"?>
<!-- Generated by org.testng.reporters.JUnitReportReporter -->
<testsuite hostname="admin-PC" name="com.vtiger.opportunity.Tc_08" tests="1" failures="0" timestamp="31 Oct 2019 05:29:48 GMT" time="43.682" errors="0">
  <testcase name="Tc_21Test" time="43.682" classname="com.vtiger.opportunity.Tc_08"/>
</testsuite> <!-- com.vtiger.opportunity.Tc_08 -->
