<?xml version="1.0" encoding="UTF-8"?>
<!-- Generated by org.testng.reporters.JUnitReportReporter -->
<testsuite hostname="admin-PC" name="com.vtiger.opportunity.Tc_21" tests="1" failures="0" timestamp="29 Oct 2019 09:52:40 GMT" time="32.150" errors="0">
  <testcase name="Tc_21Test" time="32.150" classname="com.vtiger.opportunity.Tc_21"/>
</testsuite> <!-- com.vtiger.opportunity.Tc_21 -->
