<?xml version="1.0" encoding="UTF-8"?>
<!-- Generated by org.testng.reporters.JUnitReportReporter -->
<testsuite hostname="admin-PC" name="Opportunity.Tc_55" tests="1" failures="0" timestamp="24 Oct 2019 17:50:35 GMT" time="25.362" errors="0">
  <testcase name="Tc_55Test" time="25.362" classname="Opportunity.Tc_55"/>
</testsuite> <!-- Opportunity.Tc_55 -->
