<?xml version="1.0" encoding="UTF-8"?>
<!-- Generated by org.testng.reporters.JUnitReportReporter -->
<testsuite hostname="admin-PC" name="com.vtiger.opportunity.SearchOpportunityByNotContainsOptionWithValidNameTc_49" tests="1" failures="0" timestamp="6 Nov 2019 04:58:36 GMT" time="22.575" errors="0">
  <testcase name="SearchOpportunityByNotContainsOptionWithValidNameTc_49Test" time="22.575" classname="com.vtiger.opportunity.SearchOpportunityByNotContainsOptionWithValidNameTc_49"/>
</testsuite> <!-- com.vtiger.opportunity.SearchOpportunityByNotContainsOptionWithValidNameTc_49 -->
