<?xml version="1.0" encoding="UTF-8"?>
<!-- Generated by org.testng.reporters.JUnitReportReporter -->
<testsuite hostname="admin-PC" name="com.vtiger.opportunity.Tc_10" tests="1" failures="0" timestamp="30 Oct 2019 06:12:21 GMT" time="41.842" errors="0">
  <testcase name="Tc_21Test" time="41.842" classname="com.vtiger.opportunity.Tc_10"/>
</testsuite> <!-- com.vtiger.opportunity.Tc_10 -->
