<?xml version="1.0" encoding="UTF-8"?>
<!-- Generated by org.testng.reporters.JUnitReportReporter -->
<testsuite hostname="admin-PC" name="ExcelsheetHandling.CreateNewCellInsertValueTest01" tests="1" failures="0" timestamp="10 Nov 2019 14:10:33 GMT" time="1.413" errors="0">
  <testcase name="CreateNewCellInsertValueTest01_Tc" time="1.413" classname="ExcelsheetHandling.CreateNewCellInsertValueTest01"/>
</testsuite> <!-- ExcelsheetHandling.CreateNewCellInsertValueTest01 -->
