<?xml version="1.0" encoding="UTF-8"?>
<!-- Generated by org.testng.reporters.JUnitReportReporter -->
<testsuite hostname="admin-PC" name="com.vtiger.opportunity.Tc_05" tests="1" failures="0" timestamp="31 Oct 2019 05:46:20 GMT" time="48.349" errors="0">
  <testcase name="Tc_05Test" time="48.349" classname="com.vtiger.opportunity.Tc_05"/>
</testsuite> <!-- com.vtiger.opportunity.Tc_05 -->
