<?xml version="1.0" encoding="UTF-8"?>
<!-- Generated by org.testng.reporters.JUnitReportReporter -->
<testsuite hostname="admin-PC" name="Opportunity.Tc_31" tests="1" failures="0" timestamp="25 Oct 2019 07:06:34 GMT" time="34.142" errors="0">
  <testcase name="Tc_31Test" time="34.142" classname="Opportunity.Tc_31"/>
</testsuite> <!-- Opportunity.Tc_31 -->
