<?xml version="1.0" encoding="UTF-8"?>
<!-- Generated by org.testng.reporters.JUnitReportReporter -->
<testsuite hostname="admin-PC" name="com.vtiger.opportunity.SearchOpportunityByContainsOptionWithValidNameTc_48" tests="1" failures="0" timestamp="6 Nov 2019 04:58:36 GMT" time="15.423" errors="0">
  <testcase name="SearchOpportunityByContainsOptionWithValidNameTc_48Test" time="15.423" classname="com.vtiger.opportunity.SearchOpportunityByContainsOptionWithValidNameTc_48"/>
</testsuite> <!-- com.vtiger.opportunity.SearchOpportunityByContainsOptionWithValidNameTc_48 -->
