<?xml version="1.0" encoding="UTF-8"?>
<!-- Generated by org.testng.reporters.JUnitReportReporter -->
<testsuite hostname="admin-PC" name="com.vtiger.opportunity.Tc_52" tests="1" failures="0" timestamp="4 Nov 2019 06:39:26 GMT" time="28.403" errors="0">
  <testcase name="Tc_52Test" time="28.403" classname="com.vtiger.opportunity.Tc_52"/>
</testsuite> <!-- com.vtiger.opportunity.Tc_52 -->
