<?xml version="1.0" encoding="UTF-8"?>
<!-- Generated by org.testng.reporters.JUnitReportReporter -->
<testsuite hostname="admin-PC" name="com.vtiger.opportunity.Tc_50" tests="1" failures="0" timestamp="1 Nov 2019 09:52:20 GMT" time="18.106" errors="0">
  <testcase name="Tc_50Test" time="18.106" classname="com.vtiger.opportunity.Tc_50"/>
</testsuite> <!-- com.vtiger.opportunity.Tc_50 -->
