<?xml version="1.0" encoding="UTF-8"?>
<!-- Generated by org.testng.reporters.JUnitReportReporter -->
<testsuite hostname="admin-PC" name="com.vtiger.opportunity.Tc_49" tests="1" failures="0" timestamp="1 Nov 2019 10:00:54 GMT" time="18.839" errors="0">
  <testcase name="Tc_49" time="18.839" classname="com.vtiger.opportunity.Tc_49"/>
</testsuite> <!-- com.vtiger.opportunity.Tc_49 -->
