<?xml version="1.0" encoding="UTF-8"?>
<!-- Generated by org.testng.reporters.JUnitReportReporter -->
<testsuite hostname="admin-PC" name="com.vtiger.opportunity.Tc_54" tests="1" failures="0" timestamp="1 Nov 2019 08:08:18 GMT" time="17.148" errors="0">
  <testcase name="Tc_54Test" time="17.148" classname="com.vtiger.opportunity.Tc_54"/>
</testsuite> <!-- com.vtiger.opportunity.Tc_54 -->
