<?xml version="1.0" encoding="UTF-8"?>
<!-- Generated by org.testng.reporters.JUnitReportReporter -->
<testsuite hostname="admin-PC" name="DataProviderTestNG.Ex03.ExampleForFetchingDataFromDataProviderTC_03" tests="3" failures="0" timestamp="29 Nov 2019 17:16:38 GMT" time="0.010" errors="0">
  <testcase name="FetchingDataFromDataProviderTC" time="0.000" classname="DataProviderTestNG.Ex03.ExampleForFetchingDataFromDataProviderTC_03"/>
  <testcase name="FetchingDataFromDataProviderTC" time="0.000" classname="DataProviderTestNG.Ex03.ExampleForFetchingDataFromDataProviderTC_03"/>
  <testcase name="FetchingDataFromDataProviderTC" time="0.010" classname="DataProviderTestNG.Ex03.ExampleForFetchingDataFromDataProviderTC_03"/>
</testsuite> <!-- DataProviderTestNG.Ex03.ExampleForFetchingDataFromDataProviderTC_03 -->
