<?xml version="1.0" encoding="UTF-8"?>
<!-- Generated by org.testng.reporters.JUnitReportReporter -->
<testsuite hostname="admin-PC" name="com.vtiger.opportunity.SearchOpportunityByEqualsOptionWithValidNameTc_50" tests="1" failures="0" timestamp="6 Nov 2019 04:58:36 GMT" time="16.068" errors="0">
  <testcase name="SearchOpportunityByEqualsOptionWithValidNameTc_50Test" time="16.068" classname="com.vtiger.opportunity.SearchOpportunityByEqualsOptionWithValidNameTc_50"/>
</testsuite> <!-- com.vtiger.opportunity.SearchOpportunityByEqualsOptionWithValidNameTc_50 -->
