<?xml version="1.0" encoding="UTF-8"?>
<!-- Generated by org.testng.reporters.JUnitReportReporter -->
<testsuite hostname="admin-PC" name="ExcelsheetHandling.PropertiesEx01" tests="1" failures="0" timestamp="10 Nov 2019 12:27:10 GMT" time="8.732" errors="0">
  <testcase name="propertiesdemo" time="8.732" classname="ExcelsheetHandling.PropertiesEx01"/>
</testsuite> <!-- ExcelsheetHandling.PropertiesEx01 -->
