<?xml version="1.0" encoding="UTF-8"?>
<!-- Generated by org.testng.reporters.JUnitReportReporter -->
<testsuite hostname="admin-PC" name="com.vtiger.opportunity.Tc_11" tests="1" failures="0" timestamp="30 Oct 2019 05:54:56 GMT" time="42.040" errors="0">
  <testcase name="Tc_21Test" time="42.040" classname="com.vtiger.opportunity.Tc_11"/>
</testsuite> <!-- com.vtiger.opportunity.Tc_11 -->
