<?xml version="1.0" encoding="UTF-8"?>
<!-- Generated by org.testng.reporters.JUnitReportReporter -->
<testsuite hostname="admin-PC" name="Popup.NotificationPopupTest01" tests="1" failures="0" timestamp="8 Nov 2019 13:42:24 GMT" time="32.994" errors="0">
  <testcase name="NotificationPopupTest01_Tc01" time="32.994" classname="Popup.NotificationPopupTest01"/>
</testsuite> <!-- Popup.NotificationPopupTest01 -->
