<?xml version="1.0" encoding="UTF-8"?>
<!-- Generated by org.testng.reporters.JUnitReportReporter -->
<testsuite hostname="admin-PC" name="com.vtiger.opportunity.SearchOpportunityByNotContainsOptionWithInvalidCharacterTc_54" tests="1" failures="0" timestamp="6 Nov 2019 04:58:36 GMT" time="16.172" errors="0">
  <testcase name="SearchOpportunityByNotContainsOptionWithInvalidCharacterTc_54Test" time="16.172" classname="com.vtiger.opportunity.SearchOpportunityByNotContainsOptionWithInvalidCharacterTc_54"/>
</testsuite> <!-- com.vtiger.opportunity.SearchOpportunityByNotContainsOptionWithInvalidCharacterTc_54 -->
