<?xml version="1.0" encoding="UTF-8"?>
<!-- Generated by org.testng.reporters.JUnitReportReporter -->
<testsuite hostname="admin-PC" name="com.vtiger.opportunity.Tc_26" tests="1" failures="0" timestamp="27 Oct 2019 04:31:07 GMT" time="82.338" errors="0">
  <testcase name="Tc_26Test" time="82.338" classname="com.vtiger.opportunity.Tc_26"/>
</testsuite> <!-- com.vtiger.opportunity.Tc_26 -->
