<?xml version="1.0" encoding="UTF-8"?>
<!-- Generated by org.testng.reporters.JUnitReportReporter -->
<testsuite hostname="admin-PC" name="Popup.Authentication_JavaScriptAlertsTest01" tests="1" failures="0" timestamp="9 Nov 2019 13:20:30 GMT" time="7.274" errors="0">
  <testcase name="Authentication_JavaScriptAlertsTest01_Tc01" time="7.274" classname="Popup.Authentication_JavaScriptAlertsTest01"/>
</testsuite> <!-- Popup.Authentication_JavaScriptAlertsTest01 -->
