<?xml version="1.0" encoding="UTF-8"?>
<!-- Generated by org.testng.reporters.JUnitReportReporter -->
<testsuite hostname="admin-PC" name="com.vtiger.opportunity.Tc_27" tests="1" failures="0" timestamp="1 Nov 2019 09:51:40 GMT" time="24.835" errors="0">
  <testcase name="Tc_27Test" time="24.835" classname="com.vtiger.opportunity.Tc_27"/>
</testsuite> <!-- com.vtiger.opportunity.Tc_27 -->
