<?xml version="1.0" encoding="UTF-8"?>
<!-- Generated by org.testng.reporters.JUnitReportReporter -->
<testsuite hostname="admin-PC" name="com.vtiger.opportunity.SearchOpportunityNoByNotContainsOptionWithInvalidCharacterTc_43" tests="1" failures="0" timestamp="6 Nov 2019 04:58:36 GMT" time="17.003" errors="0">
  <testcase name="SearchOpportunityNoByNotContainsOptionWithInvalidCharacterTc_43Test" time="17.003" classname="com.vtiger.opportunity.SearchOpportunityNoByNotContainsOptionWithInvalidCharacterTc_43"/>
</testsuite> <!-- com.vtiger.opportunity.SearchOpportunityNoByNotContainsOptionWithInvalidCharacterTc_43 -->
