<?xml version="1.0" encoding="UTF-8"?>
<!-- Generated by org.testng.reporters.JUnitReportReporter -->
<testsuite hostname="admin-PC" name="com.vtiger.opportunity.Tc_24" tests="1" failures="0" timestamp="28 Oct 2019 06:33:10 GMT" time="91.547" errors="0">
  <testcase name="Tc_24Test" time="91.547" classname="com.vtiger.opportunity.Tc_24"/>
</testsuite> <!-- com.vtiger.opportunity.Tc_24 -->
