<?xml version="1.0" encoding="UTF-8"?>
<!-- Generated by org.testng.reporters.JUnitReportReporter -->
<testsuite hostname="admin-PC" name="com.vtiger.opportunity.SearchOpportunityByStartWithOptionWithValidCharacterNameTc_47" tests="1" failures="0" timestamp="6 Nov 2019 04:58:36 GMT" time="13.986" errors="0">
  <testcase name="SearchOpportunityByStartWithOptionWithValidCharacterNameTc_47Test" time="13.986" classname="com.vtiger.opportunity.SearchOpportunityByStartWithOptionWithValidCharacterNameTc_47"/>
</testsuite> <!-- com.vtiger.opportunity.SearchOpportunityByStartWithOptionWithValidCharacterNameTc_47 -->
