<?xml version="1.0" encoding="UTF-8"?>
<!-- Generated by org.testng.reporters.JUnitReportReporter -->
<testsuite hostname="admin-PC" name="com.vtiger.opportunity.SearchOpportunityByNotEqualOptionWithInvalidCharacterNameTc_51" tests="1" failures="0" timestamp="6 Nov 2019 04:58:36 GMT" time="16.232" errors="0">
  <testcase name="SearchOpportunityByNotEqualOptionWithInvalidCharacterNameTc_51Test" time="16.232" classname="com.vtiger.opportunity.SearchOpportunityByNotEqualOptionWithInvalidCharacterNameTc_51"/>
</testsuite> <!-- com.vtiger.opportunity.SearchOpportunityByNotEqualOptionWithInvalidCharacterNameTc_51 -->
