<?xml version="1.0" encoding="UTF-8"?>
<!-- Generated by org.testng.reporters.JUnitReportReporter -->
<testsuite hostname="admin-PC" name="Opportunity.Tc_30" tests="1" failures="0" timestamp="25 Oct 2019 06:51:30 GMT" time="37.716" errors="0">
  <testcase name="Tc_30Test" time="37.716" classname="Opportunity.Tc_30"/>
</testsuite> <!-- Opportunity.Tc_30 -->
