<?xml version="1.0" encoding="UTF-8"?>
<!-- Generated by org.testng.reporters.JUnitReportReporter -->
<testsuite hostname="admin-PC" name="Opportunity.Tc_54" tests="1" failures="0" timestamp="25 Oct 2019 05:43:30 GMT" time="29.741" errors="0">
  <testcase name="Tc_54Test" time="29.741" classname="Opportunity.Tc_54"/>
</testsuite> <!-- Opportunity.Tc_54 -->
