<?xml version="1.0" encoding="UTF-8"?>
<!-- Generated by org.testng.reporters.JUnitReportReporter -->
<testsuite hostname="admin-PC" name="com.vtiger.opportunity.Tc_23" tests="1" failures="0" timestamp="28 Oct 2019 06:56:25 GMT" time="84.818" errors="0">
  <testcase name="Tc_23Test" time="84.818" classname="com.vtiger.opportunity.Tc_23"/>
</testsuite> <!-- com.vtiger.opportunity.Tc_23 -->
