<?xml version="1.0" encoding="UTF-8"?>
<!-- Generated by org.testng.reporters.JUnitReportReporter -->
<testsuite hostname="admin-PC" name="com.vtiger.opportunity.Tc_28" tests="1" failures="0" timestamp="25 Oct 2019 09:47:36 GMT" time="24.422" errors="0">
  <testcase name="Tc_28Test" time="24.422" classname="com.vtiger.opportunity.Tc_28"/>
</testsuite> <!-- com.vtiger.opportunity.Tc_28 -->
