<?xml version="1.0" encoding="UTF-8"?>
<!-- Generated by org.testng.reporters.JUnitReportReporter -->
<testsuite hostname="admin-PC" name="com.vtiger.opportunity.Tc_29" tests="1" failures="0" timestamp="25 Oct 2019 09:40:12 GMT" time="23.832" errors="0">
  <testcase name="Tc_29Test" time="23.832" classname="com.vtiger.opportunity.Tc_29"/>
</testsuite> <!-- com.vtiger.opportunity.Tc_29 -->
