<?xml version="1.0" encoding="UTF-8"?>
<!-- Generated by org.testng.reporters.JUnitReportReporter -->
<testsuite hostname="admin-PC" name="com.vtiger.opportunity.SearchOpportunityByNotEqualOptionWithInvalidNameTc_46" tests="1" failures="0" timestamp="6 Nov 2019 04:58:36 GMT" time="13.987" errors="0">
  <testcase name="SearchOpportunityByNotEqualOptionWithInvalidNameTc_46Test" time="13.987" classname="com.vtiger.opportunity.SearchOpportunityByNotEqualOptionWithInvalidNameTc_46"/>
</testsuite> <!-- com.vtiger.opportunity.SearchOpportunityByNotEqualOptionWithInvalidNameTc_46 -->
