<?xml version="1.0" encoding="UTF-8"?>
<!-- Generated by org.testng.reporters.JUnitReportReporter -->
<testsuite hostname="admin-PC" name="com.vtiger.opportunity.SearchOpportunityNoByNotEqualOptionWithInvalidCharacterTc_44" tests="1" failures="0" timestamp="6 Nov 2019 04:58:36 GMT" time="17.307" errors="0">
  <testcase name="SearchOpportunityNoByNotEqualOptionWithInvalidCharacterNameTc_44Test" time="17.307" classname="com.vtiger.opportunity.SearchOpportunityNoByNotEqualOptionWithInvalidCharacterTc_44"/>
</testsuite> <!-- com.vtiger.opportunity.SearchOpportunityNoByNotEqualOptionWithInvalidCharacterTc_44 -->
