<?xml version="1.0" encoding="UTF-8"?>
<!-- Generated by org.testng.reporters.JUnitReportReporter -->
<testsuite hostname="admin-PC" name="testng.CustomerTest" tests="1" failures="0" timestamp="6 Nov 2019 06:52:36 GMT" time="0.015" errors="0">
  <testcase name="createCustomerTest" time="0.015" classname="testng.CustomerTest"/>
</testsuite> <!-- testng.CustomerTest -->
