<?xml version="1.0" encoding="UTF-8"?>
<!-- Generated by org.testng.reporters.JUnitReportReporter -->
<testsuite hostname="admin-PC" name="com.vtiger.opportunity.Tc_55" tests="1" failures="0" timestamp="1 Nov 2019 08:19:59 GMT" time="17.999" errors="0">
  <testcase name="Tc_55Test" time="17.999" classname="com.vtiger.opportunity.Tc_55"/>
</testsuite> <!-- com.vtiger.opportunity.Tc_55 -->
