<?xml version="1.0" encoding="UTF-8"?>
<!-- Generated by org.testng.reporters.JUnitReportReporter -->
<testsuite hostname="admin-PC" name="com.vtiger.opportunity.SearchOpportunityNoByContainsOptionWithValidCharacterTc_42" tests="1" failures="0" timestamp="6 Nov 2019 04:58:36 GMT" time="16.690" errors="0">
  <testcase name="SearchOpportunityNoByContainsOptionWithValidCharacterTc_42Test" time="16.690" classname="com.vtiger.opportunity.SearchOpportunityNoByContainsOptionWithValidCharacterTc_42"/>
</testsuite> <!-- com.vtiger.opportunity.SearchOpportunityNoByContainsOptionWithValidCharacterTc_42 -->
